build/app/intermediates/manifest_merge_blame_file/release/manifest-merger-blame-release-report.txt
1<?xml version="1.0" encoding="utf-8"?>
2<manifest xmlns:android="http://schemas.android.com/apk/res/android"
3    package="com.example.flutter_application_1"
4    android:versionCode="1"
5    android:versionName="1.0.0" >
6
7    <uses-sdk
8        android:minSdkVersion="21"
8-->src\main\AndroidManifest.xml
9        android:targetSdkVersion="34" />
9-->src\main\AndroidManifest.xml
10    <!-- Add the INTERNET permission here -->
11    <uses-permission android:name="android.permission.INTERNET" />
11-->src\main\AndroidManifest.xml:3:5-66
11-->src\main\AndroidManifest.xml:3:22-64
12    <uses-permission android:name="android.permission.ACCESS_FINE_LOCATION" />
12-->src\main\AndroidManifest.xml:4:5-79
12-->src\main\AndroidManifest.xml:4:22-76
13    <uses-permission android:name="android.permission.ACCESS_COARSE_LOCATION" />
13-->src\main\AndroidManifest.xml:5:5-81
13-->src\main\AndroidManifest.xml:5:22-78
14    <!--
15         Required to query activities that can process text, see:
16         https://developer.android.com/training/package-visibility?hl=en and
17         https://developer.android.com/reference/android/content/Intent#ACTION_PROCESS_TEXT.
18
19         In particular, this is used by the Flutter engine in io.flutter.plugin.text.ProcessTextPlugin.
20    -->
21    <queries>
21-->src\main\AndroidManifest.xml:47:5-52:15
22        <intent>
22-->src\main\AndroidManifest.xml:48:9-51:18
23            <action android:name="android.intent.action.PROCESS_TEXT" />
23-->src\main\AndroidManifest.xml:49:13-72
23-->src\main\AndroidManifest.xml:49:21-70
24
25            <data android:mimeType="text/plain" />
25-->src\main\AndroidManifest.xml:50:13-50
25-->src\main\AndroidManifest.xml:50:19-48
26        </intent>
27    </queries>
28
29    <uses-permission android:name="android.permission.VIBRATE" />
29-->[:vibration] AndroidManifest.xml:9:5-66
29-->[:vibration] AndroidManifest.xml:9:22-63
30    <uses-permission android:name="android.permission.ACCESS_NETWORK_STATE" />
30-->[androidx.media3:media3-common:1.4.1] AndroidManifest.xml:22:5-79
30-->[androidx.media3:media3-common:1.4.1] AndroidManifest.xml:22:22-76
31
32    <permission
32-->[androidx.core:core:1.13.1] AndroidManifest.xml:22:5-24:47
33        android:name="com.example.flutter_application_1.DYNAMIC_RECEIVER_NOT_EXPORTED_PERMISSION"
33-->[androidx.core:core:1.13.1] AndroidManifest.xml:23:9-81
34        android:protectionLevel="signature" />
34-->[androidx.core:core:1.13.1] AndroidManifest.xml:24:9-44
35
36    <uses-permission android:name="com.example.flutter_application_1.DYNAMIC_RECEIVER_NOT_EXPORTED_PERMISSION" />
36-->[androidx.core:core:1.13.1] AndroidManifest.xml:26:5-97
36-->[androidx.core:core:1.13.1] AndroidManifest.xml:26:22-94
37
38    <application
39        android:name="android.app.Application"
39-->src\main\AndroidManifest.xml:11:9-42
40        android:appComponentFactory="androidx.core.app.CoreComponentFactory"
40-->[androidx.core:core:1.13.1] AndroidManifest.xml:28:18-86
41        android:icon="@mipmap/ic_launcher"
41-->src\main\AndroidManifest.xml:12:9-43
42        android:label="Rizz" >
42-->src\main\AndroidManifest.xml:10:9-29
43        <activity
43-->src\main\AndroidManifest.xml:14:9-35:20
44            android:name="com.example.flutter_application_1.MainActivity"
44-->src\main\AndroidManifest.xml:16:13-41
45            android:configChanges="orientation|keyboardHidden|keyboard|screenSize|smallestScreenSize|locale|layoutDirection|fontScale|screenLayout|density|uiMode"
45-->src\main\AndroidManifest.xml:20:13-163
46            android:exported="true"
46-->src\main\AndroidManifest.xml:17:13-36
47            android:hardwareAccelerated="true"
47-->src\main\AndroidManifest.xml:21:13-47
48            android:launchMode="singleTop"
48-->src\main\AndroidManifest.xml:18:13-43
49            android:theme="@style/LaunchTheme"
49-->src\main\AndroidManifest.xml:19:13-47
50            android:windowSoftInputMode="adjustResize" >
50-->src\main\AndroidManifest.xml:22:13-55
51
52            <!--
53                 Specifies an Android theme to apply to this Activity as soon as
54                 the Android process has started. This theme is visible to the user
55                 while the Flutter UI initializes. After that, this theme continues
56                 to determine the Window background behind the Flutter UI.
57            -->
58            <meta-data
58-->src\main\AndroidManifest.xml:27:13-30:17
59                android:name="io.flutter.embedding.android.NormalTheme"
59-->src\main\AndroidManifest.xml:28:15-70
60                android:resource="@style/NormalTheme" />
60-->src\main\AndroidManifest.xml:29:15-52
61
62            <intent-filter>
62-->src\main\AndroidManifest.xml:31:13-34:29
63                <action android:name="android.intent.action.MAIN" />
63-->src\main\AndroidManifest.xml:32:17-68
63-->src\main\AndroidManifest.xml:32:25-66
64
65                <category android:name="android.intent.category.LAUNCHER" />
65-->src\main\AndroidManifest.xml:33:17-76
65-->src\main\AndroidManifest.xml:33:27-74
66            </intent-filter>
67        </activity>
68        <!--
69             Don't delete the meta-data below.
70             This is used by the Flutter tool to generate GeneratedPluginRegistrant.java
71        -->
72        <meta-data
72-->src\main\AndroidManifest.xml:38:9-40:33
73            android:name="flutterEmbedding"
73-->src\main\AndroidManifest.xml:39:13-44
74            android:value="2" />
74-->src\main\AndroidManifest.xml:40:13-30
75
76        <service
76-->[:geolocator_android] AndroidManifest.xml:10:9-14:56
77            android:name="com.baseflow.geolocator.GeolocatorLocationService"
77-->[:geolocator_android] AndroidManifest.xml:11:13-77
78            android:enabled="true"
78-->[:geolocator_android] AndroidManifest.xml:12:13-35
79            android:exported="false"
79-->[:geolocator_android] AndroidManifest.xml:13:13-37
80            android:foregroundServiceType="location" />
80-->[:geolocator_android] AndroidManifest.xml:14:13-53
81
82        <uses-library
82-->[androidx.window:window:1.2.0] AndroidManifest.xml:23:9-25:40
83            android:name="androidx.window.extensions"
83-->[androidx.window:window:1.2.0] AndroidManifest.xml:24:13-54
84            android:required="false" />
84-->[androidx.window:window:1.2.0] AndroidManifest.xml:25:13-37
85        <uses-library
85-->[androidx.window:window:1.2.0] AndroidManifest.xml:26:9-28:40
86            android:name="androidx.window.sidecar"
86-->[androidx.window:window:1.2.0] AndroidManifest.xml:27:13-51
87            android:required="false" />
87-->[androidx.window:window:1.2.0] AndroidManifest.xml:28:13-37
88
89        <activity
89-->[com.google.android.gms:play-services-base:18.3.0] AndroidManifest.xml:20:9-22:45
90            android:name="com.google.android.gms.common.api.GoogleApiActivity"
90-->[com.google.android.gms:play-services-base:18.3.0] AndroidManifest.xml:20:19-85
91            android:exported="false"
91-->[com.google.android.gms:play-services-base:18.3.0] AndroidManifest.xml:22:19-43
92            android:theme="@android:style/Theme.Translucent.NoTitleBar" />
92-->[com.google.android.gms:play-services-base:18.3.0] AndroidManifest.xml:21:19-78
93
94        <meta-data
94-->[com.google.android.gms:play-services-basement:18.3.0] AndroidManifest.xml:21:9-23:69
95            android:name="com.google.android.gms.version"
95-->[com.google.android.gms:play-services-basement:18.3.0] AndroidManifest.xml:22:13-58
96            android:value="@integer/google_play_services_version" />
96-->[com.google.android.gms:play-services-basement:18.3.0] AndroidManifest.xml:23:13-66
97
98        <provider
98-->[androidx.lifecycle:lifecycle-process:2.7.0] AndroidManifest.xml:24:9-32:20
99            android:name="androidx.startup.InitializationProvider"
99-->[androidx.lifecycle:lifecycle-process:2.7.0] AndroidManifest.xml:25:13-67
100            android:authorities="com.example.flutter_application_1.androidx-startup"
100-->[androidx.lifecycle:lifecycle-process:2.7.0] AndroidManifest.xml:26:13-68
101            android:exported="false" >
101-->[androidx.lifecycle:lifecycle-process:2.7.0] AndroidManifest.xml:27:13-37
102            <meta-data
102-->[androidx.lifecycle:lifecycle-process:2.7.0] AndroidManifest.xml:29:13-31:52
103                android:name="androidx.lifecycle.ProcessLifecycleInitializer"
103-->[androidx.lifecycle:lifecycle-process:2.7.0] AndroidManifest.xml:30:17-78
104                android:value="androidx.startup" />
104-->[androidx.lifecycle:lifecycle-process:2.7.0] AndroidManifest.xml:31:17-49
105            <meta-data
105-->[androidx.profileinstaller:profileinstaller:1.3.1] AndroidManifest.xml:29:13-31:52
106                android:name="androidx.profileinstaller.ProfileInstallerInitializer"
106-->[androidx.profileinstaller:profileinstaller:1.3.1] AndroidManifest.xml:30:17-85
107                android:value="androidx.startup" />
107-->[androidx.profileinstaller:profileinstaller:1.3.1] AndroidManifest.xml:31:17-49
108        </provider>
109
110        <receiver
110-->[androidx.profileinstaller:profileinstaller:1.3.1] AndroidManifest.xml:34:9-52:20
111            android:name="androidx.profileinstaller.ProfileInstallReceiver"
111-->[androidx.profileinstaller:profileinstaller:1.3.1] AndroidManifest.xml:35:13-76
112            android:directBootAware="false"
112-->[androidx.profileinstaller:profileinstaller:1.3.1] AndroidManifest.xml:36:13-44
113            android:enabled="true"
113-->[androidx.profileinstaller:profileinstaller:1.3.1] AndroidManifest.xml:37:13-35
114            android:exported="true"
114-->[androidx.profileinstaller:profileinstaller:1.3.1] AndroidManifest.xml:38:13-36
115            android:permission="android.permission.DUMP" >
115-->[androidx.profileinstaller:profileinstaller:1.3.1] AndroidManifest.xml:39:13-57
116            <intent-filter>
116-->[androidx.profileinstaller:profileinstaller:1.3.1] AndroidManifest.xml:40:13-42:29
117                <action android:name="androidx.profileinstaller.action.INSTALL_PROFILE" />
117-->[androidx.profileinstaller:profileinstaller:1.3.1] AndroidManifest.xml:41:17-91
117-->[androidx.profileinstaller:profileinstaller:1.3.1] AndroidManifest.xml:41:25-88
118            </intent-filter>
119            <intent-filter>
119-->[androidx.profileinstaller:profileinstaller:1.3.1] AndroidManifest.xml:43:13-45:29
120                <action android:name="androidx.profileinstaller.action.SKIP_FILE" />
120-->[androidx.profileinstaller:profileinstaller:1.3.1] AndroidManifest.xml:44:17-85
120-->[androidx.profileinstaller:profileinstaller:1.3.1] AndroidManifest.xml:44:25-82
121            </intent-filter>
122            <intent-filter>
122-->[androidx.profileinstaller:profileinstaller:1.3.1] AndroidManifest.xml:46:13-48:29
123                <action android:name="androidx.profileinstaller.action.SAVE_PROFILE" />
123-->[androidx.profileinstaller:profileinstaller:1.3.1] AndroidManifest.xml:47:17-88
123-->[androidx.profileinstaller:profileinstaller:1.3.1] AndroidManifest.xml:47:25-85
124            </intent-filter>
125            <intent-filter>
125-->[androidx.profileinstaller:profileinstaller:1.3.1] AndroidManifest.xml:49:13-51:29
126                <action android:name="androidx.profileinstaller.action.BENCHMARK_OPERATION" />
126-->[androidx.profileinstaller:profileinstaller:1.3.1] AndroidManifest.xml:50:17-95
126-->[androidx.profileinstaller:profileinstaller:1.3.1] AndroidManifest.xml:50:25-92
127            </intent-filter>
128        </receiver>
129    </application>
130
131</manifest>